<?xml version="1.0" encoding="UTF-8"?>
<!-- Generated by org.testng.reporters.JUnitXMLReporter -->
<testsuite ignored="0" hostname="DESKTOP-1B17E07" failures="0" tests="9" name="Test" time="0.105" errors="0" timestamp="2024-09-10T10:34:46 IST">
  <testcase classname="TestNG_Examples.TestNG_Example2" name="main" time="0.006"/>
  <testcase classname="TestNG_Examples.TestNG_EX4" name="main" time="0.002"/>
  <testcase classname="TestNG_Examples.TestNG_EX4" name="main2" time="0.002"/>
  <testcase classname="TestNG_Examples.TestNG_EX4" name="main3" time="0.002"/>
  <testcase classname="TestNG_Examples.TestNG_Example1" name="main" time="0.002"/>
  <testcase classname="TestNG_Examples.TestNG5" name="main" time="0.001"/>
  <testcase classname="TestNG_Examples.TestNG5" name="main2" time="0.002"/>
  <testcase classname="TestNG_Examples.TestNG5" name="main3" time="0.003"/>
  <testcase classname="TestNG_Examples.TestNG_Ex3" name="main" time="0.002"/>
</testsuite> <!-- Test -->
