<?xml version="1.0" encoding="UTF-8"?>
<testng-results ignored="0" total="1" passed="1" failed="0" skipped="0">
  <reporter-output>
  </reporter-output>
  <suite started-at="2024-09-18T18:55:20 IST" name="Default suite" finished-at="2024-09-18T18:55:39 IST" duration-ms="19021">
    <groups>
    </groups>
    <test started-at="2024-09-18T18:55:20 IST" name="Default test" finished-at="2024-09-18T18:55:39 IST" duration-ms="19021">
      <class name="Data_driven_Framework.Login_Functionality">
        <test-method is-config="true" signature="launch()[pri:0, instance:Data_driven_Framework.Login_Functionality@1caa0244]" started-at="2024-09-18T18:55:20 IST" name="launch" finished-at="2024-09-18T18:55:24 IST" duration-ms="4665" status="PASS">
          <reporter-output>
          </reporter-output>
        </test-method> <!-- launch -->
        <test-method signature="login()[pri:0, instance:Data_driven_Framework.Login_Functionality@1caa0244]" started-at="2024-09-18T18:55:24 IST" name="login" finished-at="2024-09-18T18:55:39 IST" duration-ms="14086" status="PASS">
          <reporter-output>
          </reporter-output>
        </test-method> <!-- login -->
        <test-method is-config="true" signature="close()[pri:0, instance:Data_driven_Framework.Login_Functionality@1caa0244]" started-at="2024-09-18T18:55:39 IST" name="close" finished-at="2024-09-18T18:55:39 IST" duration-ms="228" status="PASS">
          <reporter-output>
          </reporter-output>
        </test-method> <!-- close -->
      </class> <!-- Data_driven_Framework.Login_Functionality -->
    </test> <!-- Default test -->
  </suite> <!-- Default suite -->
</testng-results>
